[2023-07-11T12:53:29.923+0000] {taskinstance.py:1103} INFO - Dependencies all met for dep_context=non-requeueable deps ti=<TaskInstance: thyroid_preprocessing_DAG.test_ordinal_impute manual__2023-07-11T12:52:22.166742+00:00 [queued]>
[2023-07-11T12:53:29.941+0000] {taskinstance.py:1103} INFO - Dependencies all met for dep_context=requeueable deps ti=<TaskInstance: thyroid_preprocessing_DAG.test_ordinal_impute manual__2023-07-11T12:52:22.166742+00:00 [queued]>
[2023-07-11T12:53:29.942+0000] {taskinstance.py:1308} INFO - Starting attempt 1 of 1
[2023-07-11T12:53:29.983+0000] {taskinstance.py:1327} INFO - Executing <Task(PythonOperator): test_ordinal_impute> on 2023-07-11 12:52:22.166742+00:00
[2023-07-11T12:53:30.001+0000] {standard_task_runner.py:57} INFO - Started process 1707 to run task
[2023-07-11T12:53:30.008+0000] {standard_task_runner.py:84} INFO - Running: ['***', 'tasks', 'run', 'thyroid_preprocessing_DAG', 'test_ordinal_impute', 'manual__2023-07-11T12:52:22.166742+00:00', '--job-id', '549', '--raw', '--subdir', 'DAGS_FOLDER/dagfile.py', '--cfg-path', '/tmp/tmpm66wws18']
[2023-07-11T12:53:30.009+0000] {standard_task_runner.py:85} INFO - Job 549: Subtask test_ordinal_impute
[2023-07-11T12:53:30.120+0000] {task_command.py:410} INFO - Running <TaskInstance: thyroid_preprocessing_DAG.test_ordinal_impute manual__2023-07-11T12:52:22.166742+00:00 [running]> on host 93aa310e5d41
[2023-07-11T12:53:30.336+0000] {taskinstance.py:1547} INFO - Exporting env vars: AIRFLOW_CTX_DAG_EMAIL='damirbogdan39@gmail.com' AIRFLOW_CTX_DAG_OWNER='aiflow' AIRFLOW_CTX_DAG_ID='thyroid_preprocessing_DAG' AIRFLOW_CTX_TASK_ID='test_ordinal_impute' AIRFLOW_CTX_EXECUTION_DATE='2023-07-11T12:52:22.166742+00:00' AIRFLOW_CTX_TRY_NUMBER='1' AIRFLOW_CTX_DAG_RUN_ID='manual__2023-07-11T12:52:22.166742+00:00'
[2023-07-11T12:53:30.374+0000] {warnings.py:110} WARNING - /home/***/.local/lib/python3.7/site-packages/sklearn/base.py:451: UserWarning: X does not have valid feature names, but SimpleImputer was fitted with feature names
  "X does not have valid feature names, but"

[2023-07-11T12:53:30.375+0000] {taskinstance.py:1824} ERROR - Task failed with exception
Traceback (most recent call last):
  File "/home/airflow/.local/lib/python3.7/site-packages/airflow/operators/python.py", line 181, in execute
    return_value = self.execute_callable()
  File "/home/airflow/.local/lib/python3.7/site-packages/airflow/operators/python.py", line 198, in execute_callable
    return self.python_callable(*self.op_args, **self.op_kwargs)
  File "/opt/airflow/dags/src/preprocess/imputers.py", line 47, in test_ordinal_impute
    X_test_ordinal =  imputer.transform(X_test_ordinal)
  File "/home/airflow/.local/lib/python3.7/site-packages/sklearn/impute/_base.py", line 470, in transform
    X = self._validate_input(X, in_fit=False)
  File "/home/airflow/.local/lib/python3.7/site-packages/sklearn/impute/_base.py", line 287, in _validate_input
    raise ve
  File "/home/airflow/.local/lib/python3.7/site-packages/sklearn/impute/_base.py", line 276, in _validate_input
    copy=self.copy,
  File "/home/airflow/.local/lib/python3.7/site-packages/sklearn/base.py", line 566, in _validate_data
    X = check_array(X, **check_params)
  File "/home/airflow/.local/lib/python3.7/site-packages/sklearn/utils/validation.py", line 765, in check_array
    "if it contains a single sample.".format(array)
ValueError: Expected 2D array, got scalar array instead:
array=None.
Reshape your data either using array.reshape(-1, 1) if your data has a single feature or array.reshape(1, -1) if it contains a single sample.
[2023-07-11T12:53:30.407+0000] {taskinstance.py:1350} INFO - Marking task as FAILED. dag_id=thyroid_preprocessing_DAG, task_id=test_ordinal_impute, execution_date=20230711T125222, start_date=20230711T125329, end_date=20230711T125330
[2023-07-11T12:53:30.467+0000] {standard_task_runner.py:109} ERROR - Failed to execute job 549 for task test_ordinal_impute (Expected 2D array, got scalar array instead:
array=None.
Reshape your data either using array.reshape(-1, 1) if your data has a single feature or array.reshape(1, -1) if it contains a single sample.; 1707)
[2023-07-11T12:53:30.514+0000] {local_task_job_runner.py:225} INFO - Task exited with return code 1
[2023-07-11T12:53:30.557+0000] {taskinstance.py:2653} INFO - 0 downstream tasks scheduled from follow-on schedule check
